0 info it worked if it ends with ok
1 verbose cli [ '/usr/bin/node', '/usr/bin/npm', 'run', 'ie' ]
2 info using npm@1.4.28
3 info using node@v0.10.32
4 verbose node symlink /usr/bin/node
5 verbose run-script [ 'preie', 'ie', 'postie' ]
6 info preie fastn@1.0.0
7 info ie fastn@1.0.0
8 verbose unsafe-perm in lifecycle true
9 info fastn@1.0.0 Failed to exec ie script
10 error fastn@1.0.0 ie: `cat test/index.js | ieify > test/index.ie.js`
10 error Exit status 127
11 error Failed at the fastn@1.0.0 ie script.
11 error This is most likely a problem with the fastn package,
11 error not with npm itself.
11 error Tell the author that this fails on your system:
11 error     cat test/index.js | ieify > test/index.ie.js
11 error You can get their info via:
11 error     npm owner ls fastn
11 error There is likely additional logging output above.
12 error System Linux 3.13.0-37-generic
13 error command "/usr/bin/node" "/usr/bin/npm" "run" "ie"
14 error cwd /home/kory/dev/fastn
15 error node -v v0.10.32
16 error npm -v 1.4.28
17 error code ELIFECYCLE
18 verbose exit [ 1, true ]
